
Power Net Detected:
        Voltage	    Name
             0V	    VSS
           1.1V	    VDD
Using Power View: _default_view_.
Load RC corner of view _default_view_

Begin Power Analysis

             0V	    VSS
           1.1V	    VDD

Begin Processing Timing Library for Power Calculation

Ended Processing Timing Library for Power Calculation: (cpu=0:00:00, real=0:00:00, mem(process/total/peak)=1698.22MB/3377.83MB/1712.55MB)



Begin Processing Power Net/Grid for Power Calculation

Ended Processing Power Net/Grid for Power Calculation: (cpu=0:00:00, real=0:00:00, mem(process/total/peak)=1698.22MB/3377.83MB/1712.55MB)

Begin Processing Timing Window Data for Power Calculation

blif_clk_net(666.667MHz) CK: assigning clock blif_clk_net to net blif_clk_net
Ended Processing Timing Window Data for Power Calculation: (cpu=0:00:00, real=0:00:00, mem(process/total/peak)=1698.22MB/3377.83MB/1712.55MB)

Begin Processing User Attributes

Ended Processing User Attributes: (cpu=0:00:00, real=0:00:00, mem(process/total/peak)=1698.22MB/3377.83MB/1712.55MB)

Begin Processing Signal Activity


Starting Levelizing
2026-Feb-18 23:59:23 (2026-Feb-19 07:59:23 GMT)
2026-Feb-18 23:59:23 (2026-Feb-19 07:59:23 GMT): 10%
2026-Feb-18 23:59:23 (2026-Feb-19 07:59:23 GMT): 20%
2026-Feb-18 23:59:23 (2026-Feb-19 07:59:23 GMT): 30%
2026-Feb-18 23:59:23 (2026-Feb-19 07:59:23 GMT): 40%
2026-Feb-18 23:59:23 (2026-Feb-19 07:59:23 GMT): 50%
2026-Feb-18 23:59:23 (2026-Feb-19 07:59:23 GMT): 60%
2026-Feb-18 23:59:23 (2026-Feb-19 07:59:23 GMT): 70%
2026-Feb-18 23:59:23 (2026-Feb-19 07:59:23 GMT): 80%
2026-Feb-18 23:59:23 (2026-Feb-19 07:59:23 GMT): 90%

Finished Levelizing
2026-Feb-18 23:59:23 (2026-Feb-19 07:59:23 GMT)

Starting Activity Propagation
2026-Feb-18 23:59:23 (2026-Feb-19 07:59:23 GMT)
** INFO:  (VOLTUS_POWR-1356): No default input activity has been set. Defaulting to 0.2.
Use 'set_default_switching_activity -input_activity' command to change the default activity value.

2026-Feb-18 23:59:23 (2026-Feb-19 07:59:23 GMT): 10%
2026-Feb-18 23:59:23 (2026-Feb-19 07:59:23 GMT): 20%
2026-Feb-18 23:59:23 (2026-Feb-19 07:59:23 GMT): 30%

Finished Activity Propagation
2026-Feb-18 23:59:23 (2026-Feb-19 07:59:23 GMT)
Ended Processing Signal Activity: (cpu=0:00:00, real=0:00:00, mem(process/total/peak)=1698.79MB/3377.83MB/1712.55MB)

Begin Power Computation

      ----------------------------------------------------------
      # of cell(s) missing both power/leakage table: 0
      # of cell(s) missing power table: 0
      # of cell(s) missing leakage table: 0
      ----------------------------------------------------------



Starting Calculating power
2026-Feb-18 23:59:23 (2026-Feb-19 07:59:23 GMT)
 ... Calculating switching power
2026-Feb-18 23:59:23 (2026-Feb-19 07:59:23 GMT): 10%
2026-Feb-18 23:59:23 (2026-Feb-19 07:59:23 GMT): 20%
2026-Feb-18 23:59:23 (2026-Feb-19 07:59:23 GMT): 30%
2026-Feb-18 23:59:23 (2026-Feb-19 07:59:23 GMT): 40%
2026-Feb-18 23:59:23 (2026-Feb-19 07:59:23 GMT): 50%
 ... Calculating internal and leakage power
2026-Feb-18 23:59:23 (2026-Feb-19 07:59:23 GMT): 60%
2026-Feb-18 23:59:23 (2026-Feb-19 07:59:23 GMT): 70%
2026-Feb-18 23:59:23 (2026-Feb-19 07:59:23 GMT): 80%
2026-Feb-18 23:59:23 (2026-Feb-19 07:59:23 GMT): 90%

Finished Calculating power
2026-Feb-18 23:59:23 (2026-Feb-19 07:59:23 GMT)
      # of MSMV cell(s) missing power_level: 0
Ended Power Computation: (cpu=0:00:00, real=0:00:00, mem(process/total/peak)=1700.11MB/3385.83MB/1712.55MB)

Begin Processing User Attributes

Ended Processing User Attributes: (cpu=0:00:00, real=0:00:00, mem(process/total/peak)=1700.11MB/3385.83MB/1712.55MB)

Ended Power Analysis: (cpu=0:00:00, real=0:00:00, mem(process/total/peak)=1700.11MB/3385.83MB/1712.55MB)

Begin Boundary Leakage Calculation
Ended Boundary Leakage Calculation: (cpu=0:00:00, real=0:00:00,
mem(process/total/peak)=1700.11MB/3385.83MB/1712.55MB)
Begin Static Power Report Generation
*----------------------------------------------------------------------------------------
*	Innovus 21.39-s058_1 (64bit) 04/04/2024 09:59 (Linux 3.10.0-693.el7.x86_64)
*	
*
* 	Date & Time:	2026-Feb-18 23:59:23 (2026-Feb-19 07:59:23 GMT)
*
*----------------------------------------------------------------------------------------
*
*	Design: s1494_bench
*
*	Liberty Libraries used:
*	        _default_view_: ./NangateOpenCellLibrary_typical_conditional_nldm.lib
*
*	Parasitic Files used:
*
*       Power View : _default_view_
*
*       User-Defined Activity : N.A.
*
*       Activity File: N.A.
*
*       Hierarchical Global Activity: N.A.
*
*       Global Activity: N.A.
*
*       Sequential Element Activity: 0.200000
*
*       Primary Input Activity: 0.200000
*
*       Default icg ratio: N.A.
*
*       Global Comb ClockGate Ratio: N.A.
*
*	Power Units = 1mW
*
*	Time Units = 1e-09 secs
*
*       report_power
*
-----------------------------------------------------------------------------------------
*



Total Power
-----------------------------------------------------------------------------------------
Total Internal Power:        0.08374172 	   42.2995%
Total Switching Power:       0.10925741 	   55.1880%
Total Leakage Power:         0.00497407 	    2.5125%
Total Power:                 0.19797320
-----------------------------------------------------------------------------------------


Group                           Internal   Switching     Leakage       Total  Percentage 
                                Power      Power         Power         Power  (%)        
-----------------------------------------------------------------------------------------
Sequential                       0.01595     0.02138    0.000314     0.03764       19.01
Macro                                  0           0           0           0           0
IO                                     0           0           0           0           0
Combinational                    0.06779     0.08788     0.00466      0.1603       80.99
Clock (Combinational)                  0           0           0           0           0
Clock (Sequential)                     0           0           0           0           0
-----------------------------------------------------------------------------------------
Total                            0.08374      0.1093    0.004974       0.198         100
-----------------------------------------------------------------------------------------


Rail                  Voltage   Internal   Switching     Leakage       Total  Percentage 
                                Power      Power         Power         Power  (%)        
-----------------------------------------------------------------------------------------
VDD                       1.1    0.08374      0.1093    0.004974       0.198         100
 
 
-----------------------------------------------------------------------------------------
*	Power Distribution Summary: 
*              Highest Average Power:                   v11_reg (DFFR_X2):         0.007095
*              Highest Leakage Power:                     g6988 (NAND4_X2):        5.834e-05
*                Total Cap:      1.59696e-12 F
*                Total instances in design:   314
*                Total instances in design with no power:     0
*                Total instances in design with no activty:     0

*                Total Fillers and Decap:     0
-----------------------------------------------------------------------------------------
 
** INFO:  (VOLTUS_POWR-3465): There are 0 decaps and 0 fillers in the design

Ended Static Power Report Generation: (cpu=0:00:00, real=0:00:00,
mem(process/total/peak)=1700.11MB/3385.83MB/1712.55MB)

