Using Power View: _default_view_.
Load RC corner of view _default_view_

Begin Power Analysis

             0V	    VSS
           1.1V	    VDD
Begin Processing Timing Library for Power Calculation

Ended Processing Timing Library for Power Calculation: (cpu=0:00:00, real=0:00:00, mem(process/total/peak)=1909.97MB/3608.04MB/1909.97MB)



Begin Processing Power Net/Grid for Power Calculation

Ended Processing Power Net/Grid for Power Calculation: (cpu=0:00:00, real=0:00:00, mem(process/total/peak)=1909.97MB/3608.04MB/1909.97MB)

Begin Processing Timing Window Data for Power Calculation

CK: assigning clock blif_clk_net to net blif_clk_net
Ended Processing Timing Window Data for Power Calculation: (cpu=0:00:00, real=0:00:00, mem(process/total/peak)=1909.97MB/3608.04MB/1909.97MB)

Begin Processing User Attributes

Ended Processing User Attributes: (cpu=0:00:00, real=0:00:00, mem(process/total/peak)=1909.97MB/3608.04MB/1909.97MB)

Begin Processing Signal Activity


Starting Activity Propagation
2026-Feb-18 20:01:56 (2026-Feb-19 04:01:56 GMT)
2026-Feb-18 20:01:56 (2026-Feb-19 04:01:56 GMT): 10%
2026-Feb-18 20:01:56 (2026-Feb-19 04:01:56 GMT): 20%
2026-Feb-18 20:01:56 (2026-Feb-19 04:01:56 GMT): 30%

Finished Activity Propagation
2026-Feb-18 20:01:56 (2026-Feb-19 04:01:56 GMT)
Ended Processing Signal Activity: (cpu=0:00:00, real=0:00:00, mem(process/total/peak)=1909.97MB/3608.04MB/1909.97MB)

Begin Power Computation

      ----------------------------------------------------------
      # of cell(s) missing both power/leakage table: 0
      # of cell(s) missing power table: 0
      # of cell(s) missing leakage table: 0
      ----------------------------------------------------------



Starting Calculating power
2026-Feb-18 20:01:56 (2026-Feb-19 04:01:56 GMT)
 ... Calculating switching power
2026-Feb-18 20:01:56 (2026-Feb-19 04:01:56 GMT): 10%
2026-Feb-18 20:01:56 (2026-Feb-19 04:01:56 GMT): 20%
2026-Feb-18 20:01:56 (2026-Feb-19 04:01:56 GMT): 30%
2026-Feb-18 20:01:56 (2026-Feb-19 04:01:56 GMT): 40%
2026-Feb-18 20:01:56 (2026-Feb-19 04:01:56 GMT): 50%
 ... Calculating internal and leakage power
2026-Feb-18 20:01:56 (2026-Feb-19 04:01:56 GMT): 60%
2026-Feb-18 20:01:56 (2026-Feb-19 04:01:56 GMT): 70%
2026-Feb-18 20:01:56 (2026-Feb-19 04:01:56 GMT): 80%
2026-Feb-18 20:01:56 (2026-Feb-19 04:01:56 GMT): 90%

Finished Calculating power
2026-Feb-18 20:01:56 (2026-Feb-19 04:01:56 GMT)
      # of MSMV cell(s) missing power_level: 0
Ended Power Computation: (cpu=0:00:00, real=0:00:00, mem(process/total/peak)=1910.61MB/3616.04MB/1910.61MB)

Begin Processing User Attributes

Ended Processing User Attributes: (cpu=0:00:00, real=0:00:00, mem(process/total/peak)=1910.61MB/3616.04MB/1910.61MB)

Ended Power Analysis: (cpu=0:00:00, real=0:00:00, mem(process/total/peak)=1910.61MB/3616.04MB/1910.61MB)

Begin Boundary Leakage Calculation
Ended Boundary Leakage Calculation: (cpu=0:00:00, real=0:00:00,
mem(process/total/peak)=1910.61MB/3616.04MB/1910.61MB)
Begin Static Power Report Generation
*----------------------------------------------------------------------------------------
*	Innovus 21.39-s058_1 (64bit) 04/04/2024 09:59 (Linux 3.10.0-693.el7.x86_64)
*	
*
* 	Date & Time:	2026-Feb-18 20:01:56 (2026-Feb-19 04:01:56 GMT)
*
*----------------------------------------------------------------------------------------
*
*	Design: s1494_bench
*
*	Liberty Libraries used:
*	        _default_view_: ./NangateOpenCellLibrary_typical_conditional_nldm.lib
*
*	Parasitic Files used:
*
*       Power View : _default_view_
*
*       User-Defined Activity : N.A.
*
*       Activity File: N.A.
*
*       Hierarchical Global Activity: N.A.
*
*       Global Activity: N.A.
*
*       Sequential Element Activity: 0.200000
*
*       Primary Input Activity: 0.200000
*
*       Default icg ratio: N.A.
*
*       Global Comb ClockGate Ratio: N.A.
*
*	Power Units = 1mW
*
*	Time Units = 1e-09 secs
*
*       report_power
*
-----------------------------------------------------------------------------------------
*



Total Power
-----------------------------------------------------------------------------------------
Total Internal Power:        0.08172791 	   49.2214%
Total Switching Power:       0.07933944 	   47.7829%
Total Leakage Power:         0.00497407 	    2.9957%
Total Power:                 0.16604142
-----------------------------------------------------------------------------------------


Group                           Internal   Switching     Leakage       Total  Percentage 
                                Power      Power         Power         Power  (%)        
-----------------------------------------------------------------------------------------
Sequential                       0.01596     0.01629    0.000314     0.03256       19.61
Macro                                  0           0           0           0           0
IO                                     0           0           0           0           0
Combinational                    0.06577     0.06305     0.00466      0.1335       80.39
Clock (Combinational)                  0           0           0           0           0
Clock (Sequential)                     0           0           0           0           0
-----------------------------------------------------------------------------------------
Total                            0.08173     0.07934    0.004974       0.166         100
-----------------------------------------------------------------------------------------


Rail                  Voltage   Internal   Switching     Leakage       Total  Percentage 
                                Power      Power         Power         Power  (%)        
-----------------------------------------------------------------------------------------
VDD                       1.1    0.08173     0.07934    0.004974       0.166         100
 
 
-----------------------------------------------------------------------------------------
*	Power Distribution Summary: 
*              Highest Average Power:                    v7_reg (DFFR_X2):         0.006248
*              Highest Leakage Power:                     g6988 (NAND4_X2):        5.834e-05
*                Total Cap:      1.14866e-12 F
*                Total instances in design:   314
*                Total instances in design with no power:     0
*                Total instances in design with no activty:     0

*                Total Fillers and Decap:     0
-----------------------------------------------------------------------------------------
 
** INFO:  (VOLTUS_POWR-3465): There are 0 decaps and 0 fillers in the design

Ended Static Power Report Generation: (cpu=0:00:00, real=0:00:00,
mem(process/total/peak)=1910.61MB/3616.04MB/1910.61MB)

