###############################################################
#  Generated by:      Cadence Innovus 21.39-s058_1
#  OS:                Linux x86_64(Host ID eeapps03.labidm.seas.ucla.edu)
#  Generated on:      Tue Feb 17 23:01:34 2026
#  Design:            s1494_bench
#  Command:           summaryReport -noHtml -outfile output/summary.rpt
###############################################################


==============================
General Design Information
==============================
Design Status: Routed  
Design Name: s1494_bench  
# Instances: 322  
# Hard Macros: 0  
# Std Cells: 322  
    ------------------------------
    Standard Cells in Netlist
    ------------------------------
               Cell Type   Instance Count  Area (um^2)  
                 AND2_X2                5           5.3200  
                 AND2_X4                2           2.1280  
                 AND3_X2                4           5.3200  
               AOI211_X2                9          11.9700  
                AOI21_X2               13          13.8320  
               AOI221_X2               12          19.1520  
               AOI222_X1                7          13.0340  
                AOI22_X2                6           7.9800  
                 DFFR_X2                6          33.5160  
             FILLCELL_X1                2           0.5320  
             FILLCELL_X2                3           1.5960  
             FILLCELL_X4                2           2.1280  
             FILLCELL_X8                1           2.1280  
                  INV_X1                1           0.5320  
                  INV_X2               22          11.7040  
                  INV_X4               28          14.8960  
                NAND2_X2               52          41.4960  
                NAND3_X2               19          20.2160  
                NAND4_X1                1           1.3300  
                NAND4_X2                5           6.6500  
                 NOR2_X1                1           0.7980  
                 NOR2_X2               44          35.1120  
                 NOR3_X1                1           1.0640  
                 NOR3_X2               10          10.6400  
                 NOR4_X1                2           2.6600  
                 NOR4_X2                2           2.6600  
               OAI211_X1                1           1.3300  
               OAI211_X2               15          19.9500  
                OAI21_X2               14          14.8960  
               OAI221_X2                6           9.5760  
                OAI22_X1                1           1.3300  
                OAI22_X2                9          11.9700  
                OAI33_X1                4           7.4480  
                  OR2_X1                1           1.0640  
                  OR2_X2                6           6.3840  
                  OR2_X4                1           1.0640  
                  OR3_X2                2           2.6600  
                  OR4_X2                1           1.5960  
                XNOR2_X2                1           1.5960  
# Pads: 0  
# Net: 332  
# Special Net: 2  
# IO Pins: 
    ------------------------------
    Issued IO Information
    ------------------------------
    # Unplaced IO Pin  0  
    # Floating IO  0  
    # IO Connected to Non-IO Inst  
        ------------------------------
        IO Connected to Non-IO Inst
        ------------------------------
                     IO Name      Non-IO Inst Name  
                     v13_D_6                 g7029  
                     v13_D_7                 g6996  
                     v13_D_8                 g6997  
                     v13_D_9                 g7063  
                    v13_D_10                 g7004  
                    v13_D_11                 g7009  
                    v13_D_12                 g7014  
                    v13_D_13                 g6992  
                    v13_D_14                 g7017  
                    v13_D_15                 g7012  
                    v13_D_16                 g7008  
                    v13_D_17                 g6998  
                    v13_D_18                 g7013  
                    v13_D_19                 g7008  
                    v13_D_20                 g7120  
                    v13_D_21                 g7048  
                    v13_D_22                 g7036  
                    v13_D_23                 g7032  
                    v13_D_24                 g6995  
                          v0                 g7116  
                          v1                 g7021  
                          v2                 g7072  
                          v3                 g7106  
                          v4                 g7244  
                          v5                 g6995  
                          v6                 g7091  
                         CLR                 g7044  
              blif_reset_net                 g7297  
                blif_clk_net                v8_reg  29  29  
# Pins: 
    ------------------------------
    Correctness of Pin Connectivity for All Instances
    ------------------------------
    # Floating Terms  0  
    # Output Term Marked Tie Hi/Lo  0  
    # Output Term Shorted to PG Net  0  1168  
# PG Pins: 
    ------------------------------
    Correctness of PG Pin Connectivity for All Instances
    ------------------------------
    # Instances that No Net Defined for Any PG Pin  0  
    # Floating PG Terms  0  
    # PG Pins Connect to Non-PG Net  0  
    # Power Pins Connect Ground Net  0  
    # Ground Pins Connect Power Net  0  644  
Average Pins Per Net(Signal): 3.518  

==============================
General Library Information
==============================
# Routing Layers: 10  
# Masterslice Layers: 0  
# Pin Layers: 
    General Caution:
        1) Library have metal1, metal2, metal3 and metal4 pins, you should setPlaceMode -prerouteAsObs {1 2 3}                                 to ensure these pins are accessible after placement

    ------------------------------
    Pin Layers
    ------------------------------
    metal4  
    metal3  
    metal2  
    metal1  4  
# Layers: 
    ------------------------------
    Layer OVERLAP Information
    ------------------------------
    Type  Overlap  
    ------------------------------
    Layer metal10 Information
    ------------------------------
    Type  Routing  
    Wire Pitch X  1.600 um  
    Wire Pitch Y  1.600 um  
    Offset X  0.095 um  
    Offset Y  0.070 um  
    Wire Width  0.800 um  
    Spacing  0.800 um  
    ------------------------------
    Layer via9 Information
    ------------------------------
    Type  Cut  
    Wire Width  0.800 um  
    Vias  
        ------------------------------
        Via list in layer via9
        ------------------------------
                Vias in via9  Default  
                      via9_0      Yes  For complete list click here  
    Multiple Orientation Vias  CAUTION: There is only one default via in this layer  
    ------------------------------
    Layer metal9 Information
    ------------------------------
    Type  Routing  
    Wire Pitch X  1.600 um  
    Wire Pitch Y  1.600 um  
    Offset X  0.095 um  
    Offset Y  0.070 um  
    Wire Width  0.800 um  
    Spacing  0.800 um  
    ------------------------------
    Layer via8 Information
    ------------------------------
    Type  Cut  
    Wire Width  0.400 um  
    Vias  
        ------------------------------
        Via list in layer via8
        ------------------------------
                Vias in via8  Default  
                      via8_0      Yes  For complete list click here  
    Multiple Orientation Vias  CAUTION: There is only one default via in this layer  
    ------------------------------
    Layer metal8 Information
    ------------------------------
    Type  Routing  
    Wire Pitch X  0.800 um  
    Wire Pitch Y  0.800 um  
    Offset X  0.095 um  
    Offset Y  0.070 um  
    Wire Width  0.400 um  
    Spacing  0.400 um  
    ------------------------------
    Layer via7 Information
    ------------------------------
    Type  Cut  
    Wire Width  0.400 um  
    Vias  
        ------------------------------
        Via list in layer via7
        ------------------------------
                Vias in via7  Default  
                      via7_0      Yes  For complete list click here  
    Multiple Orientation Vias  CAUTION: There is only one default via in this layer  
    ------------------------------
    Layer metal7 Information
    ------------------------------
    Type  Routing  
    Wire Pitch X  0.800 um  
    Wire Pitch Y  0.800 um  
    Offset X  0.095 um  
    Offset Y  0.070 um  
    Wire Width  0.400 um  
    Spacing  0.400 um  
    ------------------------------
    Layer via6 Information
    ------------------------------
    Type  Cut  
    Wire Width  0.140 um  
    Vias  
        ------------------------------
        Via list in layer via6
        ------------------------------
                Vias in via6  Default  
                      via6_0      Yes  For complete list click here  
    Multiple Orientation Vias  CAUTION: There is only one default via in this layer  
    ------------------------------
    Layer metal6 Information
    ------------------------------
    Type  Routing  
    Wire Pitch X  0.280 um  
    Wire Pitch Y  0.280 um  
    Offset X  0.095 um  
    Offset Y  0.070 um  
    Wire Width  0.140 um  
    Spacing  0.140 um  
    ------------------------------
    Layer via5 Information
    ------------------------------
    Type  Cut  
    Wire Width  0.140 um  
    Vias  
        ------------------------------
        Via list in layer via5
        ------------------------------
                Vias in via5  Default  
                      via5_0      Yes  For complete list click here  
    Multiple Orientation Vias  CAUTION: There is only one default via in this layer  
    ------------------------------
    Layer metal5 Information
    ------------------------------
    Type  Routing  
    Wire Pitch X  0.280 um  
    Wire Pitch Y  0.280 um  
    Offset X  0.095 um  
    Offset Y  0.070 um  
    Wire Width  0.140 um  
    Spacing  0.140 um  
    ------------------------------
    Layer via4 Information
    ------------------------------
    Type  Cut  
    Wire Width  0.140 um  
    Vias  
        ------------------------------
        Via list in layer via4
        ------------------------------
                Vias in via4  Default  
                      via4_0      Yes  For complete list click here  
    Multiple Orientation Vias  CAUTION: There is only one default via in this layer  
    ------------------------------
    Layer metal4 Information
    ------------------------------
    Type  Routing  
    Wire Pitch X  0.280 um  
    Wire Pitch Y  0.280 um  
    Offset X  0.095 um  
    Offset Y  0.070 um  
    Wire Width  0.140 um  
    Spacing  0.140 um  
    ------------------------------
    Layer via3 Information
    ------------------------------
    Type  Cut  
    Wire Width  0.070 um  
    Vias  
        ------------------------------
        Via list in layer via3
        ------------------------------
                Vias in via3  Default  
                      via3_2      Yes  
                      via3_1      Yes  
                      via3_0      Yes  For complete list click here  
    ------------------------------
    Layer metal3 Information
    ------------------------------
    Type  Routing  
    Wire Pitch X  0.190 um  
    Wire Pitch Y  0.140 um  
    Offset X  0.095 um  
    Offset Y  0.070 um  
    Wire Width  0.070 um  
    Spacing  0.070 um  
    ------------------------------
    Layer via2 Information
    ------------------------------
    Type  Cut  
    Wire Width  0.070 um  
    Vias  
        ------------------------------
        Via list in layer via2
        ------------------------------
                Vias in via2  Default  
                      via2_8      Yes  
                      via2_7      Yes  
                      via2_6      Yes  
                      via2_5      Yes  
                      via2_4      Yes  
                      via2_3      Yes  
                      via2_2      Yes  
                      via2_1      Yes  
                      via2_0      Yes  For complete list click here  
    ------------------------------
    Layer metal2 Information
    ------------------------------
    Type  Routing  
    Wire Pitch X  0.190 um  
    Wire Pitch Y  0.140 um  
    Offset X  0.095 um  
    Offset Y  0.070 um  
    Wire Width  0.070 um  
    Spacing  0.070 um  
    ------------------------------
    Layer via1 Information
    ------------------------------
    Type  Cut  
    Wire Width  0.070 um  
    Vias  
        ------------------------------
        Via list in layer via1
        ------------------------------
                Vias in via1  Default  
                      via1_8      Yes  
                      via1_7      Yes  
                      via1_6      Yes  
                      via1_5      Yes  
                      via1_4      Yes  
                      via1_3      Yes  
                      via1_2      Yes  
                      via1_1      Yes  
                      via1_0      Yes  For complete list click here  
    ------------------------------
    Layer metal1 Information
    ------------------------------
    Type  Routing  
    Wire Pitch X  0.190 um  
    Wire Pitch Y  0.140 um  
    Offset X  0.095 um  
    Offset Y  0.070 um  
    Wire Width  0.070 um  
    Spacing  0.065 um  20  
# Pins without Physical Port: 0  
# Pins in Library without Timing Lib: 0  
# Pins Missing Direction: 0  
Antenna Summary Report: 
    General Caution:
        1) All Antenna Constructs are absent for the layer section of LEF.
        2) All Antenna Constructs are absent for the macro section of LEF.For more information click here  
# Cells Missing LEF Info: 0  
# Cells with Dimension Errors: 0  

==============================
Netlist Information
==============================
# HFO (>200) Nets: 0  
# No-driven Nets: 0  
# Multi-driven Nets: 0  
# Assign Statements: 0  
Is Design Uniquified: YES  
# Pins in Netlist without timing lib: 0  

==============================

==============================
: Internal  External  
No of Nets:        330           0  
No of Connections:        867           0  
Total Net Length (X): 1.3700e+03  0.0000e+00  
Total Net Length (Y): 1.2977e+03  0.0000e+00  
Total Net Length: 2.6678e+03  0.0000e+00  

==============================
Timing Information
==============================
# Clocks in design: 
    ------------------------------
    Clocks in Design
    ------------------------------
    _default_view_/blif_clk_net  1  
# Generated clocks: 0  
# "dont_use" cells from .libs: 
    ------------------------------
    Dont_use Cell List
    ------------------------------
    ANTENNA_X1  
    FILLCELL_X1  
    FILLCELL_X16  
    FILLCELL_X2  
    FILLCELL_X32  
    FILLCELL_X4  
    FILLCELL_X8  
    LOGIC0_X1  
    LOGIC1_X1  9  
# "dont_touch" cells from .libs: 
    ------------------------------
    Dont_touch Cell List
    ------------------------------
    ANTENNA_X1  
    FILLCELL_X1  
    FILLCELL_X16  
    FILLCELL_X2  
    FILLCELL_X32  
    FILLCELL_X4  
    FILLCELL_X8  
    LOGIC0_X1  
    LOGIC1_X1  9  
# Cells in .lib with max_tran: 
    ------------------------------
    Cell List with max_tran
    ------------------------------
               Cell Name  Max Transition (ps)  
                 AND2_X1  600  
                 AND2_X2  600  
                 AND2_X4  600  
                 AND3_X1  600  
                 AND3_X2  600  
                 AND3_X4  600  
                 AND4_X1  600  
                 AND4_X2  600  
                 AND4_X4  600  
              ANTENNA_X1  600  
               AOI211_X1  600  
               AOI211_X2  600  
               AOI211_X4  600  
                AOI21_X1  600  
                AOI21_X2  600  
                AOI21_X4  600  
               AOI221_X1  600  
               AOI221_X2  600  
               AOI221_X4  600  
               AOI222_X1  600  
               AOI222_X2  600  
               AOI222_X4  600  
                AOI22_X1  600  
                AOI22_X2  600  
                AOI22_X4  600  
                  BUF_X1  600  
                 BUF_X16  600  
                  BUF_X2  600  
                 BUF_X32  600  
                  BUF_X4  600  
                  BUF_X8  600  
               CLKBUF_X1  600  
               CLKBUF_X2  600  
               CLKBUF_X3  600  
           CLKGATETST_X1  600  
           CLKGATETST_X2  600  
           CLKGATETST_X4  600  
           CLKGATETST_X8  600  
              CLKGATE_X1  600  
              CLKGATE_X2  600  
              CLKGATE_X4  600  
              CLKGATE_X8  600  
                DFFRS_X1  600  
                DFFRS_X2  600  
                 DFFR_X1  600  
                 DFFR_X2  600  
                 DFFS_X1  600  
                 DFFS_X2  600  
                  DFF_X1  600  
                  DFF_X2  600  
                  DLH_X1  600  
                  DLH_X2  600  
                  DLL_X1  600  
                  DLL_X2  600  
                   FA_X1  600  
                   HA_X1  600  
                  INV_X1  600  
                 INV_X16  600  
                  INV_X2  600  
                 INV_X32  600  
                  INV_X4  600  
                  INV_X8  600  
                 MUX2_X1  600  
                 MUX2_X2  600  
                NAND2_X1  600  
                NAND2_X2  600  
                NAND2_X4  600  
                NAND3_X1  600  
                NAND3_X2  600  
                NAND3_X4  600  
                NAND4_X1  600  
                NAND4_X2  600  
                NAND4_X4  600  
                 NOR2_X1  600  
                 NOR2_X2  600  
                 NOR2_X4  600  
                 NOR3_X1  600  
                 NOR3_X2  600  
                 NOR3_X4  600  
                 NOR4_X1  600  
                 NOR4_X2  600  
                 NOR4_X4  600  
               OAI211_X1  600  
               OAI211_X2  600  
               OAI211_X4  600  
                OAI21_X1  600  
                OAI21_X2  600  
                OAI21_X4  600  
               OAI221_X1  600  
               OAI221_X2  600  
               OAI221_X4  600  
               OAI222_X1  600  
               OAI222_X2  600  
               OAI222_X4  600  
                OAI22_X1  600  
                OAI22_X2  600  
                OAI22_X4  600  
                OAI33_X1  600  
                  OR2_X1  600  
                  OR2_X2  600  
                  OR2_X4  600  
                  OR3_X1  600  
                  OR3_X2  600  
                  OR3_X4  600  
                  OR4_X1  600  
                  OR4_X2  600  
                  OR4_X4  600  
               SDFFRS_X1  600  
               SDFFRS_X2  600  
                SDFFR_X1  600  
                SDFFR_X2  600  
                SDFFS_X1  600  
                SDFFS_X2  600  
                 SDFF_X1  600  
                 SDFF_X2  600  
                 TBUF_X1  600  
                TBUF_X16  600  
                 TBUF_X2  600  
                 TBUF_X4  600  
                 TBUF_X8  600  
                 TINV_X1  600  
                 TLAT_X1  600  
                XNOR2_X1  600  
                XNOR2_X2  600  
                 XOR2_X1  600  
                 XOR2_X2  600  126  
# Cells in .lib with max_cap: 
    ------------------------------
    Cell List with max_cap
    ------------------------------
               Cell Name  Max Capacitance (pf)  
                 AND2_X1  0.025600  
                 AND2_X2  0.051200  
                 AND2_X4  0.102400  
                 AND3_X1  0.025600  
                 AND3_X2  0.051200  
                 AND3_X4  0.102400  
                 AND4_X1  0.025600  
                 AND4_X2  0.051200  
                 AND4_X4  0.102400  
               AOI211_X1  0.025600  
               AOI211_X2  0.051200  
               AOI211_X4  0.102400  
                AOI21_X1  0.025600  
                AOI21_X2  0.051200  
                AOI21_X4  0.102400  
               AOI221_X1  0.025600  
               AOI221_X2  0.051200  
               AOI221_X4  0.102400  
               AOI222_X1  0.025600  
               AOI222_X2  0.051200  
               AOI222_X4  0.102400  
                AOI22_X1  0.025600  
                AOI22_X2  0.051200  
                AOI22_X4  0.102400  
                  BUF_X1  0.025600  
                 BUF_X16  0.409600  
                  BUF_X2  0.051200  
                 BUF_X32  0.819200  
                  BUF_X4  0.102400  
                  BUF_X8  0.204800  
               CLKBUF_X1  0.025600  
               CLKBUF_X2  0.051200  
               CLKBUF_X3  0.076800  
           CLKGATETST_X1  0.025600  
           CLKGATETST_X2  0.051200  
           CLKGATETST_X4  0.102400  
           CLKGATETST_X8  0.204800  
              CLKGATE_X1  0.025600  
              CLKGATE_X2  0.051200  
              CLKGATE_X4  0.102400  
              CLKGATE_X8  0.204800  
                DFFRS_X1  0.025600  
                DFFRS_X2  0.051200  
                 DFFR_X1  0.025600  
                 DFFR_X2  0.051200  
                 DFFS_X1  0.025600  
                 DFFS_X2  0.051200  
                  DFF_X1  0.025600  
                  DFF_X2  0.051200  
                  DLH_X1  0.025600  
                  DLH_X2  0.051200  
                  DLL_X1  0.025600  
                  DLL_X2  0.051200  
                   FA_X1  0.025600  
                   HA_X1  0.025600  
                  INV_X1  0.025600  
                 INV_X16  0.409600  
                  INV_X2  0.051200  
                 INV_X32  0.819200  
                  INV_X4  0.102400  
                  INV_X8  0.204800  
                 MUX2_X1  0.025600  
                 MUX2_X2  0.051200  
                NAND2_X1  0.025600  
                NAND2_X2  0.051200  
                NAND2_X4  0.102400  
                NAND3_X1  0.025600  
                NAND3_X2  0.051200  
                NAND3_X4  0.102400  
                NAND4_X1  0.025600  
                NAND4_X2  0.051200  
                NAND4_X4  0.102400  
                 NOR2_X1  0.025600  
                 NOR2_X2  0.051200  
                 NOR2_X4  0.102400  
                 NOR3_X1  0.025600  
                 NOR3_X2  0.051200  
                 NOR3_X4  0.102400  
                 NOR4_X1  0.025600  
                 NOR4_X2  0.051200  
                 NOR4_X4  0.102400  
               OAI211_X1  0.025600  
               OAI211_X2  0.051200  
               OAI211_X4  0.102400  
                OAI21_X1  0.025600  
                OAI21_X2  0.051200  
                OAI21_X4  0.102400  
               OAI221_X1  0.025600  
               OAI221_X2  0.051200  
               OAI221_X4  0.102400  
               OAI222_X1  0.025600  
               OAI222_X2  0.051200  
               OAI222_X4  0.102400  
                OAI22_X1  0.025600  
                OAI22_X2  0.051200  
                OAI22_X4  0.102400  
                OAI33_X1  0.025600  
                  OR2_X1  0.025600  
                  OR2_X2  0.051200  
                  OR2_X4  0.102400  
                  OR3_X1  0.025600  
                  OR3_X2  0.051200  
                  OR3_X4  0.102400  
                  OR4_X1  0.025600  
                  OR4_X2  0.051200  
                  OR4_X4  0.102400  
               SDFFRS_X1  0.025600  
               SDFFRS_X2  0.051200  
                SDFFR_X1  0.025600  
                SDFFR_X2  0.051200  
                SDFFS_X1  0.025600  
                SDFFS_X2  0.051200  
                 SDFF_X1  0.025600  
                 SDFF_X2  0.051200  
                 TBUF_X1  0.025600  
                TBUF_X16  0.409600  
                 TBUF_X2  0.051200  
                 TBUF_X4  0.102400  
                 TBUF_X8  0.204800  
                 TINV_X1  0.025600  
                 TLAT_X1  0.025600  
                XNOR2_X1  0.025600  
                XNOR2_X2  0.051200  
                 XOR2_X1  0.025600  
                 XOR2_X2  0.051200  125  
# Cells in .lib with max_fanout: 0  
SDC max_cap: N/A  
SDC max_tran: N/A  
SDC max_fanout: N/A  
Default Ext. Scale Factor: 1.000  
Detail Ext. Scale Factor: 1.000  

==============================
Floorplan/Placement Information
==============================
Total area of Standard cells: 349.258 um^2  
Total area of Standard cells(Subtracting Physical Cells): 342.874 um^2  
Total area of Macros: 0.000 um^2  
Total area of Blockages: 0.000 um^2  
Total area of Pad cells: 0.000 um^2  
Total area of Core: 349.258 um^2  
Total area of Chip: 948.024 um^2  
Effective Utilization: 1.0000e+00  
Number of Cell Rows: 13  
% Pure Gate Density #1 (Subtracting BLOCKAGES): 100.000%  
% Pure Gate Density #2 (Subtracting BLOCKAGES and Physical Cells): 98.172%  
% Pure Gate Density #3 (Subtracting MACROS): 100.000%  
% Pure Gate Density #4 (Subtracting MACROS and Physical Cells): 98.172%  
% Pure Gate Density #5 (Subtracting MACROS and BLOCKAGES): 100.000%  
% Pure Gate Density #6 (Subtracting MACROS and BLOCKAGES for insts are not placed): 98.172%  
% Core Density (Counting Std Cells and MACROs): 100.000%  
% Core Density #2(Subtracting Physical Cells): 98.172%  
% Chip Density (Counting Std Cells and MACROs and IOs): 36.841%  
% Chip Density #2(Subtracting Physical Cells): 36.167%  
# Macros within 5 sites of IO pad: No  
Macro halo defined?: No  

==============================
Wire Length Distribution
==============================
Total metal1 wire length: 91.2600 um  
Total metal2 wire length: 885.5650 um  
Total metal3 wire length: 1508.0400 um  
Total metal4 wire length: 723.2400 um  
Total metal5 wire length: 0.0000 um  
Total metal6 wire length: 0.0000 um  
Total metal7 wire length: 0.0000 um  
Total metal8 wire length: 0.0000 um  
Total metal9 wire length: 0.0000 um  
Total metal10 wire length: 0.0000 um  
Total wire length: 3208.1050 um  
Average wire length/net: 9.6630 um  
Area of Power Net Distribution: 
    ------------------------------
    Area of Power Net Distribution
    ------------------------------
    Layer Name  Area of Power Net  Routable Area  Percentage  
    metal1  77.4213  349.2580  22.1674%  
    metal2  46.4400  349.2580  13.2968%  
    metal3  0.0000  349.2580  0.0000%  
    metal4  0.0000  349.2580  0.0000%  
    metal5  0.0000  349.2580  0.0000%  
    metal6  0.0000  349.2580  0.0000%  
    metal7  0.0000  349.2580  0.0000%  
    metal8  0.0000  349.2580  0.0000%  
    metal9  0.0000  349.2580  0.0000%  
    metal10  0.0000  349.2580  0.0000%  For more information click here  
